This is pdfTeX, Version 3.14159265-2.6-1.40.20 (TeX Live 2019/W32TeX) (preloaded format=pdflatex 2020.1.4)  10 APR 2020 16:57
entering extended mode
 restricted \write18 enabled.
 %&-line parsing enabled.
**_thesis.tex
(./_thesis.tex
LaTeX2e <2018-12-01>
(./UoBclass.cls
Document Class: UoBclass 
(c:/texlive/2019/texmf-dist/tex/latex/base/book.cls
Document Class: book 2018/09/03 v1.4i Standard LaTeX document class
(c:/texlive/2019/texmf-dist/tex/latex/base/bk12.clo
File: bk12.clo 2018/09/03 v1.4i Standard LaTeX file (size option)
)
\c@part=\count80
\c@chapter=\count81
\c@section=\count82
\c@subsection=\count83
\c@subsubsection=\count84
\c@paragraph=\count85
\c@subparagraph=\count86
\c@figure=\count87
\c@table=\count88
\abovecaptionskip=\skip41
\belowcaptionskip=\skip42
\bibindent=\dimen102
)
(c:/texlive/2019/texmf-dist/tex/latex/tools/afterpage.sty
Package: afterpage 2014/10/28 v1.08 After-Page Package (DPC)
\AP@output=\toks14
\AP@partial=\box27
\AP@footins=\box28
)
(c:/texlive/2019/texmf-dist/tex/latex/tocloft/tocloft.sty
Package: tocloft 2017/08/31 v2.3i parameterised ToC, etc., typesetting
Package tocloft Info: The document has chapter divisions on input line 51.
\cftparskip=\skip43
\cftbeforetoctitleskip=\skip44
\cftaftertoctitleskip=\skip45
\cftbeforepartskip=\skip46
\cftpartnumwidth=\skip47
\cftpartindent=\skip48
\cftbeforechapskip=\skip49
\cftchapindent=\skip50
\cftchapnumwidth=\skip51
\cftbeforesecskip=\skip52
\cftsecindent=\skip53
\cftsecnumwidth=\skip54
\cftbeforesubsecskip=\skip55
\cftsubsecindent=\skip56
\cftsubsecnumwidth=\skip57
\cftbeforesubsubsecskip=\skip58
\cftsubsubsecindent=\skip59
\cftsubsubsecnumwidth=\skip60
\cftbeforeparaskip=\skip61
\cftparaindent=\skip62
\cftparanumwidth=\skip63
\cftbeforesubparaskip=\skip64
\cftsubparaindent=\skip65
\cftsubparanumwidth=\skip66
\cftbeforeloftitleskip=\skip67
\cftafterloftitleskip=\skip68
\cftbeforefigskip=\skip69
\cftfigindent=\skip70
\cftfignumwidth=\skip71
\c@lofdepth=\count89
\c@lotdepth=\count90
\cftbeforelottitleskip=\skip72
\cftafterlottitleskip=\skip73
\cftbeforetabskip=\skip74
\cfttabindent=\skip75
\cfttabnumwidth=\skip76
))
(c:/texlive/2019/texmf-dist/tex/latex/import/import.sty
Package: import 2009/03/23  v 5.1
) (./_preamble.sty
Package: _preamble 

(c:/texlive/2019/texmf-dist/tex/latex/amsmath/amsmath.sty
Package: amsmath 2018/12/01 v2.17b AMS math features
\@mathmargin=\skip77

For additional information on amsmath, use the `?' option.
(c:/texlive/2019/texmf-dist/tex/latex/amsmath/amstext.sty
Package: amstext 2000/06/29 v2.01 AMS text

(c:/texlive/2019/texmf-dist/tex/latex/amsmath/amsgen.sty
File: amsgen.sty 1999/11/30 v2.0 generic functions
\@emptytoks=\toks15
\ex@=\dimen103
))
(c:/texlive/2019/texmf-dist/tex/latex/amsmath/amsbsy.sty
Package: amsbsy 1999/11/29 v1.2d Bold Symbols
\pmbraise@=\dimen104
)
(c:/texlive/2019/texmf-dist/tex/latex/amsmath/amsopn.sty
Package: amsopn 2016/03/08 v2.02 operator names
)
\inf@bad=\count91
LaTeX Info: Redefining \frac on input line 223.
\uproot@=\count92
\leftroot@=\count93
LaTeX Info: Redefining \overline on input line 385.
\classnum@=\count94
\DOTSCASE@=\count95
LaTeX Info: Redefining \ldots on input line 482.
LaTeX Info: Redefining \dots on input line 485.
LaTeX Info: Redefining \cdots on input line 606.
\Mathstrutbox@=\box29
\strutbox@=\box30
\big@size=\dimen105
LaTeX Font Info:    Redeclaring font encoding OML on input line 729.
LaTeX Font Info:    Redeclaring font encoding OMS on input line 730.
\macc@depth=\count96
\c@MaxMatrixCols=\count97
\dotsspace@=\muskip10
\c@parentequation=\count98
\dspbrk@lvl=\count99
\tag@help=\toks16
\row@=\count100
\column@=\count101
\maxfields@=\count102
\andhelp@=\toks17
\eqnshift@=\dimen106
\alignsep@=\dimen107
\tagshift@=\dimen108
\tagwidth@=\dimen109
\totwidth@=\dimen110
\lineht@=\dimen111
\@envbody=\toks18
\multlinegap=\skip78
\multlinetaggap=\skip79
\mathdisplay@stack=\toks19
LaTeX Info: Redefining \[ on input line 2844.
LaTeX Info: Redefining \] on input line 2845.
)
(c:/texlive/2019/texmf-dist/tex/generic/oberdiek/ifpdf.sty
Package: ifpdf 2018/09/07 v3.3 Provides the ifpdf switch
)
(c:/texlive/2019/texmf-dist/tex/latex/graphics/graphicx.sty
Package: graphicx 2017/06/01 v1.1a Enhanced LaTeX Graphics (DPC,SPQR)

(c:/texlive/2019/texmf-dist/tex/latex/graphics/keyval.sty
Package: keyval 2014/10/28 v1.15 key=value parser (DPC)
\KV@toks@=\toks20
)
(c:/texlive/2019/texmf-dist/tex/latex/graphics/graphics.sty
Package: graphics 2017/06/25 v1.2c Standard LaTeX Graphics (DPC,SPQR)

(c:/texlive/2019/texmf-dist/tex/latex/graphics/trig.sty
Package: trig 2016/01/03 v1.10 sin cos tan (DPC)
)
(c:/texlive/2019/texmf-dist/tex/latex/graphics-cfg/graphics.cfg
File: graphics.cfg 2016/06/04 v1.11 sample graphics configuration
)
Package graphics Info: Driver file: pdftex.def on input line 99.

(c:/texlive/2019/texmf-dist/tex/latex/graphics-def/pdftex.def
File: pdftex.def 2018/01/08 v1.0l Graphics/color driver for pdftex
))
\Gin@req@height=\dimen112
\Gin@req@width=\dimen113
)
(c:/texlive/2019/texmf-dist/tex/latex/graphics/rotating.sty
Package: rotating 2016/08/11 v2.16d rotated objects in LaTeX

(c:/texlive/2019/texmf-dist/tex/latex/base/ifthen.sty
Package: ifthen 2014/09/29 v1.1c Standard LaTeX ifthen package (DPC)
)
\c@r@tfl@t=\count103
\rotFPtop=\skip80
\rotFPbot=\skip81
\rot@float@box=\box31
\rot@mess@toks=\toks21
)
(c:/texlive/2019/texmf-dist/tex/latex/fancyhdr/fancyhdr.sty
Package: fancyhdr 2019/01/31 v3.10 Extensive control of page headers and footer
s
\f@nch@headwidth=\skip82
\f@nch@O@elh=\skip83
\f@nch@O@erh=\skip84
\f@nch@O@olh=\skip85
\f@nch@O@orh=\skip86
\f@nch@O@elf=\skip87
\f@nch@O@erf=\skip88
\f@nch@O@olf=\skip89
\f@nch@O@orf=\skip90
)
(c:/texlive/2019/texmf-dist/tex/latex/caption/caption.sty
Package: caption 2018/10/06 v3.3-154 Customizing captions (AR)

(c:/texlive/2019/texmf-dist/tex/latex/caption/caption3.sty
Package: caption3 2018/09/12 v1.8c caption3 kernel (AR)
Package caption3 Info: TeX engine: e-TeX on input line 64.
\captionmargin=\dimen114
\captionmargin@=\dimen115
\captionwidth=\dimen116
\caption@tempdima=\dimen117
\caption@indent=\dimen118
\caption@parindent=\dimen119
\caption@hangindent=\dimen120
)
\c@caption@flags=\count104
\c@ContinuedFloat=\count105
Package caption Info: rotating package is loaded.
)
(c:/texlive/2019/texmf-dist/tex/latex/base/makeidx.sty
Package: makeidx 2014/09/29 v1.0m Standard LaTeX package
)
\@indexfile=\write3
\openout3 = `_thesis.idx'.


Writing index file _thesis.idx
(c:/texlive/2019/texmf-dist/tex/latex/url/url.sty
\Urlmuskip=\muskip11
Package: url 2013/09/16  ver 3.4  Verb mode for urls, etc.
)
(c:/texlive/2019/texmf-dist/tex/latex/hyperref/hyperref.sty
Package: hyperref 2018/11/30 v6.88e Hypertext links for LaTeX

(c:/texlive/2019/texmf-dist/tex/generic/oberdiek/hobsub-hyperref.sty
Package: hobsub-hyperref 2016/05/16 v1.14 Bundle oberdiek, subset hyperref (HO)


(c:/texlive/2019/texmf-dist/tex/generic/oberdiek/hobsub-generic.sty
Package: hobsub-generic 2016/05/16 v1.14 Bundle oberdiek, subset generic (HO)
Package: hobsub 2016/05/16 v1.14 Construct package bundles (HO)
Package: infwarerr 2016/05/16 v1.4 Providing info/warning/error messages (HO)
Package: ltxcmds 2016/05/16 v1.23 LaTeX kernel commands for general use (HO)
Package: ifluatex 2016/05/16 v1.4 Provides the ifluatex switch (HO)
Package ifluatex Info: LuaTeX not detected.
Package: ifvtex 2016/05/16 v1.6 Detect VTeX and its facilities (HO)
Package ifvtex Info: VTeX not detected.
Package: intcalc 2016/05/16 v1.2 Expandable calculations with integers (HO)
Package hobsub Info: Skipping package `ifpdf' (already loaded).
Package: etexcmds 2016/05/16 v1.6 Avoid name clashes with e-TeX commands (HO)
Package: kvsetkeys 2016/05/16 v1.17 Key value parser (HO)
Package: kvdefinekeys 2016/05/16 v1.4 Define keys (HO)
Package: pdftexcmds 2018/09/10 v0.29 Utility functions of pdfTeX for LuaTeX (HO
)
Package pdftexcmds Info: LuaTeX not detected.
Package pdftexcmds Info: \pdf@primitive is available.
Package pdftexcmds Info: \pdf@ifprimitive is available.
Package pdftexcmds Info: \pdfdraftmode found.
Package: pdfescape 2016/05/16 v1.14 Implements pdfTeX's escape features (HO)
Package: bigintcalc 2016/05/16 v1.4 Expandable calculations on big integers (HO
)
Package: bitset 2016/05/16 v1.2 Handle bit-vector datatype (HO)
Package: uniquecounter 2016/05/16 v1.3 Provide unlimited unique counter (HO)
)
Package hobsub Info: Skipping package `hobsub' (already loaded).
Package: letltxmacro 2016/05/16 v1.5 Let assignment for LaTeX macros (HO)
Package: hopatch 2016/05/16 v1.3 Wrapper for package hooks (HO)
Package: xcolor-patch 2016/05/16 xcolor patch
Package: atveryend 2016/05/16 v1.9 Hooks at the very end of document (HO)
Package atveryend Info: \AP@enddocument detected (standard20110627).
Package: atbegshi 2016/06/09 v1.18 At begin shipout hook (HO)
Package: refcount 2016/05/16 v3.5 Data extraction from label references (HO)
Package: hycolor 2016/05/16 v1.8 Color options for hyperref/bookmark (HO)
)
(c:/texlive/2019/texmf-dist/tex/generic/ifxetex/ifxetex.sty
Package: ifxetex 2010/09/12 v0.6 Provides ifxetex conditional
)
(c:/texlive/2019/texmf-dist/tex/latex/oberdiek/auxhook.sty
Package: auxhook 2016/05/16 v1.4 Hooks for auxiliary files (HO)
)
(c:/texlive/2019/texmf-dist/tex/latex/oberdiek/kvoptions.sty
Package: kvoptions 2016/05/16 v3.12 Key value format for package options (HO)
)
\@linkdim=\dimen121
\Hy@linkcounter=\count106
\Hy@pagecounter=\count107

(c:/texlive/2019/texmf-dist/tex/latex/hyperref/pd1enc.def
File: pd1enc.def 2018/11/30 v6.88e Hyperref: PDFDocEncoding definition (HO)
Now handling font encoding PD1 ...
... no UTF-8 mapping file for font encoding PD1
)
\Hy@SavedSpaceFactor=\count108

(c:/texlive/2019/texmf-dist/tex/latex/latexconfig/hyperref.cfg
File: hyperref.cfg 2002/06/06 v1.2 hyperref configuration of TeXLive
)
Package hyperref Info: Option `bookmarksnumbered' set `true' on input line 4393
.
Package hyperref Info: Option `pdfpagelabels' set `true' on input line 4393.
Package hyperref Info: Option `plainpages' set `false' on input line 4393.
Package hyperref Info: Option `colorlinks' set `true' on input line 4393.
Package hyperref Info: Hyper figures OFF on input line 4519.
Package hyperref Info: Link nesting OFF on input line 4524.
Package hyperref Info: Hyper index ON on input line 4527.
Package hyperref Info: Plain pages OFF on input line 4534.
Package hyperref Info: Backreferencing OFF on input line 4539.
Package hyperref Info: Implicit mode ON; LaTeX internals redefined.
Package hyperref Info: Bookmarks ON on input line 4772.
\c@Hy@tempcnt=\count109
LaTeX Info: Redefining \url on input line 5125.
\XeTeXLinkMargin=\dimen122
\Fld@menulength=\count110
\Field@Width=\dimen123
\Fld@charsize=\dimen124
Package hyperref Info: Hyper figures OFF on input line 6380.
Package hyperref Info: Link nesting OFF on input line 6385.
Package hyperref Info: Hyper index ON on input line 6388.
Package hyperref Info: backreferencing OFF on input line 6395.
Package hyperref Info: Link coloring ON on input line 6398.
Package hyperref Info: Link coloring with OCG OFF on input line 6405.
Package hyperref Info: PDF/A mode OFF on input line 6410.
LaTeX Info: Redefining \ref on input line 6450.
LaTeX Info: Redefining \pageref on input line 6454.
\Hy@abspage=\count111
\c@Item=\count112
\c@Hfootnote=\count113
)
Package hyperref Info: Driver (autodetected): hpdftex.

(c:/texlive/2019/texmf-dist/tex/latex/hyperref/hpdftex.def
File: hpdftex.def 2018/11/30 v6.88e Hyperref driver for pdfTeX
\Fld@listcount=\count114
\c@bookmark@seq@number=\count115

(c:/texlive/2019/texmf-dist/tex/latex/oberdiek/rerunfilecheck.sty
Package: rerunfilecheck 2016/05/16 v1.8 Rerun checks for auxiliary files (HO)
Package uniquecounter Info: New unique counter `rerunfilecheck' on input line 2
82.
)
\Hy@SectionHShift=\skip91
))
(c:/texlive/2019/texmf-dist/tex/latex/base/inputenc.sty
Package: inputenc 2018/08/11 v1.3c Input encoding file
\inpenc@prehook=\toks22
\inpenc@posthook=\toks23
)
(c:/texlive/2019/texmf-dist/tex/latex/base/fontenc.sty
Package: fontenc 2018/08/11 v2.0j Standard LaTeX package

(c:/texlive/2019/texmf-dist/tex/latex/base/t1enc.def
File: t1enc.def 2018/08/11 v2.0j Standard LaTeX file
LaTeX Font Info:    Redeclaring font encoding T1 on input line 48.
))
(c:/texlive/2019/texmf-dist/tex/latex/biblatex/biblatex.sty
Package: biblatex 2018/11/02 v3.12 programmable bibliographies (PK/MW)

(c:/texlive/2019/texmf-dist/tex/latex/etoolbox/etoolbox.sty
Package: etoolbox 2018/08/19 v2.5f e-TeX tools for LaTeX (JAW)
\etb@tempcnta=\count116
)
(c:/texlive/2019/texmf-dist/tex/latex/logreq/logreq.sty
Package: logreq 2010/08/04 v1.0 xml request logger
\lrq@indent=\count117

(c:/texlive/2019/texmf-dist/tex/latex/logreq/logreq.def
File: logreq.def 2010/08/04 v1.0 logreq spec v1.0
))
\c@tabx@nest=\count118
\c@listtotal=\count119
\c@listcount=\count120
\c@liststart=\count121
\c@liststop=\count122
\c@citecount=\count123
\c@citetotal=\count124
\c@multicitecount=\count125
\c@multicitetotal=\count126
\c@instcount=\count127
\c@maxnames=\count128
\c@minnames=\count129
\c@maxitems=\count130
\c@minitems=\count131
\c@citecounter=\count132
\c@maxcitecounter=\count133
\c@savedcitecounter=\count134
\c@uniquelist=\count135
\c@uniquename=\count136
\c@refsection=\count137
\c@refsegment=\count138
\c@maxextratitle=\count139
\c@maxextratitleyear=\count140
\c@maxextraname=\count141
\c@maxextradate=\count142
\c@maxextraalpha=\count143
\c@abbrvpenalty=\count144
\c@highnamepenalty=\count145
\c@lownamepenalty=\count146
\c@maxparens=\count147
\c@parenlevel=\count148
\blx@tempcnta=\count149
\blx@tempcntb=\count150
\blx@tempcntc=\count151
\blx@maxsection=\count152
\blx@maxsegment@0=\count153
\blx@notetype=\count154
\blx@parenlevel@text=\count155
\blx@parenlevel@foot=\count156
\blx@sectionciteorder@0=\count157
\blx@entrysetcounter=\count158
\labelnumberwidth=\skip92
\labelalphawidth=\skip93
\biblabelsep=\skip94
\bibitemsep=\skip95
\bibnamesep=\skip96
\bibinitsep=\skip97
\bibparsep=\skip98
\bibhang=\skip99
\blx@bcfin=\read1
\blx@bcfout=\write4
\c@mincomprange=\count159
\c@maxcomprange=\count160
\c@mincompwidth=\count161
Package biblatex Info: Trying to load biblatex default data model...
Package biblatex Info: ... file 'blx-dm.def' found.

(c:/texlive/2019/texmf-dist/tex/latex/biblatex/blx-dm.def
File: blx-dm.def 2018/11/02 v3.12 biblatex localization (PK/MW)
)
Package biblatex Info: Trying to load biblatex style data model...
Package biblatex Info: ... file 'authoryear.dbx' not found.
Package biblatex Info: Trying to load biblatex custom data model...
Package biblatex Info: ... file 'biblatex-dm.cfg' not found.
\c@afterword=\count162
\c@savedafterword=\count163
\c@annotator=\count164
\c@savedannotator=\count165
\c@author=\count166
\c@savedauthor=\count167
\c@bookauthor=\count168
\c@savedbookauthor=\count169
\c@commentator=\count170
\c@savedcommentator=\count171
\c@editor=\count172
\c@savededitor=\count173
\c@editora=\count174
\c@savededitora=\count175
\c@editorb=\count176
\c@savededitorb=\count177
\c@editorc=\count178
\c@savededitorc=\count179
\c@foreword=\count180
\c@savedforeword=\count181
\c@holder=\count182
\c@savedholder=\count183
\c@introduction=\count184
\c@savedintroduction=\count185
\c@namea=\count186
\c@savednamea=\count187
\c@nameb=\count188
\c@savednameb=\count189
\c@namec=\count190
\c@savednamec=\count191
\c@translator=\count192
\c@savedtranslator=\count193
\c@shortauthor=\count194
\c@savedshortauthor=\count195
\c@shorteditor=\count196
\c@savedshorteditor=\count197
\c@labelname=\count198
\c@savedlabelname=\count199
\c@institution=\count266
\c@savedinstitution=\count267
\c@lista=\count268
\c@savedlista=\count269
\c@listb=\count270
\c@savedlistb=\count271
\c@listc=\count272
\c@savedlistc=\count273
\c@listd=\count274
\c@savedlistd=\count275
\c@liste=\count276
\c@savedliste=\count277
\c@listf=\count278
\c@savedlistf=\count279
\c@location=\count280
\c@savedlocation=\count281
\c@organization=\count282
\c@savedorganization=\count283
\c@origlocation=\count284
\c@savedoriglocation=\count285
\c@origpublisher=\count286
\c@savedorigpublisher=\count287
\c@publisher=\count288
\c@savedpublisher=\count289
\c@language=\count290
\c@savedlanguage=\count291
\c@origlanguage=\count292
\c@savedoriglanguage=\count293
\c@pageref=\count294
\c@savedpageref=\count295
\shorthandwidth=\skip100
\shortjournalwidth=\skip101
\shortserieswidth=\skip102
\shorttitlewidth=\skip103
\shortauthorwidth=\skip104
\shorteditorwidth=\skip105
\locallabelnumberwidth=\skip106
\locallabelalphawidth=\skip107
\localshorthandwidth=\skip108
\localshortjournalwidth=\skip109
\localshortserieswidth=\skip110
\localshorttitlewidth=\skip111
\localshortauthorwidth=\skip112
\localshorteditorwidth=\skip113
Package biblatex Info: Trying to load compatibility code...
Package biblatex Info: ... file 'blx-compat.def' found.

(c:/texlive/2019/texmf-dist/tex/latex/biblatex/blx-compat.def
File: blx-compat.def 2018/11/02 v3.12 biblatex compatibility (PK/MW)
)
Package biblatex Info: Trying to load generic definitions...
Package biblatex Info: ... file 'biblatex.def' found.

(c:/texlive/2019/texmf-dist/tex/latex/biblatex/biblatex.def
File: biblatex.def 2018/11/02 v3.12 biblatex compatibility (PK/MW)
\c@textcitecount=\count296
\c@textcitetotal=\count297
\c@textcitemaxnames=\count298
\c@biburlnumpenalty=\count299
\c@biburlucpenalty=\count300
\c@biburllcpenalty=\count301
\c@smartand=\count302
)
Package biblatex Info: Trying to load natbib compatibility...
Package biblatex Info: ... file 'blx-natbib.def' found.

(c:/texlive/2019/texmf-dist/tex/latex/biblatex/blx-natbib.def
File: blx-natbib.def 2018/11/02 v3.12 biblatex compatibility (PK/MW)
Package biblatex Info: Delimiter 'nameyeardelim' in context '' already defined,
 overwriting.
)
Package biblatex Info: Trying to load bibliography style 'authoryear'...
Package biblatex Info: ... file 'authoryear.bbx' found.

(c:/texlive/2019/texmf-dist/tex/latex/biblatex/bbx/authoryear.bbx
File: authoryear.bbx 2018/11/02 v3.12 biblatex bibliography style (PK/MW)
Package biblatex Info: Trying to load bibliography style 'standard'...
Package biblatex Info: ... file 'standard.bbx' found.

(c:/texlive/2019/texmf-dist/tex/latex/biblatex/bbx/standard.bbx
File: standard.bbx 2018/11/02 v3.12 biblatex bibliography style (PK/MW)
\c@bbx:relatedcount=\count303
\c@bbx:relatedtotal=\count304
))
Package biblatex Info: Trying to load citation style 'authoryear'...
Package biblatex Info: ... file 'authoryear.cbx' found.

(c:/texlive/2019/texmf-dist/tex/latex/biblatex/cbx/authoryear.cbx
File: authoryear.cbx 2018/11/02 v3.12 biblatex citation style (PK/MW)
Package biblatex Info: Redefining '\cite'.
Package biblatex Info: Redefining '\parencite'.
Package biblatex Info: Redefining '\footcite'.
Package biblatex Info: Redefining '\footcitetext'.
Package biblatex Info: Redefining '\smartcite'.
Package biblatex Info: Redefining '\textcite'.
Package biblatex Info: Redefining '\textcites'.
)
Package biblatex Info: Trying to load configuration file...
Package biblatex Info: ... file 'biblatex.cfg' found.

(c:/texlive/2019/texmf-dist/tex/latex/biblatex/biblatex.cfg
File: biblatex.cfg 
))
(c:/texlive/2019/texmf-dist/tex/latex/siunitx/siunitx.sty
(c:/texlive/2019/texmf-dist/tex/latex/l3kernel/expl3.sty
Package: expl3 2019-04-06 L3 programming layer (loader) 

(c:/texlive/2019/texmf-dist/tex/latex/l3kernel/expl3-code.tex
Package: expl3 2019-04-06 L3 programming layer (code)
\c_max_int=\count305
\l_tmpa_int=\count306
\l_tmpb_int=\count307
\g_tmpa_int=\count308
\g_tmpb_int=\count309
\g__kernel_prg_map_int=\count310
\c__ior_term_ior=\count311
\c_log_iow=\count312
\l_iow_line_count_int=\count313
\l__iow_line_target_int=\count314
\l__iow_one_indent_int=\count315
\l__iow_indent_int=\count316
\c_zero_dim=\dimen125
\c_max_dim=\dimen126
\l_tmpa_dim=\dimen127
\l_tmpb_dim=\dimen128
\g_tmpa_dim=\dimen129
\g_tmpb_dim=\dimen130
\c_zero_skip=\skip114
\c_max_skip=\skip115
\l_tmpa_skip=\skip116
\l_tmpb_skip=\skip117
\g_tmpa_skip=\skip118
\g_tmpb_skip=\skip119
\c_zero_muskip=\muskip12
\c_max_muskip=\muskip13
\l_tmpa_muskip=\muskip14
\l_tmpb_muskip=\muskip15
\g_tmpa_muskip=\muskip16
\g_tmpb_muskip=\muskip17
\l_keys_choice_int=\count317
\l__intarray_loop_int=\count318
\c__intarray_sp_dim=\dimen131
\g__intarray_font_int=\count319
\c__fp_leading_shift_int=\count320
\c__fp_middle_shift_int=\count321
\c__fp_trailing_shift_int=\count322
\c__fp_big_leading_shift_int=\count323
\c__fp_big_middle_shift_int=\count324
\c__fp_big_trailing_shift_int=\count325
\c__fp_Bigg_leading_shift_int=\count326
\c__fp_Bigg_middle_shift_int=\count327
\c__fp_Bigg_trailing_shift_int=\count328
\c__kernel_randint_max_int=\count329
\g__fp_array_int=\count330
\l__fp_array_loop_int=\count331
\l__sort_length_int=\count332
\l__sort_min_int=\count333
\l__sort_top_int=\count334
\l__sort_max_int=\count335
\l__sort_true_max_int=\count336
\l__sort_block_int=\count337
\l__sort_begin_int=\count338
\l__sort_end_int=\count339
\l__sort_A_int=\count340
\l__sort_B_int=\count341
\l__sort_C_int=\count342
\l__tl_analysis_normal_int=\count343
\l__tl_analysis_index_int=\count344
\l__tl_analysis_nesting_int=\count345
\l__tl_analysis_type_int=\count346
\l__regex_internal_a_int=\count347
\l__regex_internal_b_int=\count348
\l__regex_internal_c_int=\count349
\l__regex_balance_int=\count350
\l__regex_group_level_int=\count351
\l__regex_mode_int=\count352
\c__regex_cs_in_class_mode_int=\count353
\c__regex_cs_mode_int=\count354
\l__regex_catcodes_int=\count355
\l__regex_default_catcodes_int=\count356
\c__regex_catcode_D_int=\count357
\c__regex_catcode_S_int=\count358
\c__regex_catcode_L_int=\count359
\c__regex_catcode_O_int=\count360
\c__regex_catcode_A_int=\count361
\c__regex_all_catcodes_int=\count362
\l__regex_show_lines_int=\count363
\l__regex_min_state_int=\count364
\l__regex_max_state_int=\count365
\l__regex_left_state_int=\count366
\l__regex_right_state_int=\count367
\l__regex_capturing_group_int=\count368
\l__regex_min_pos_int=\count369
\l__regex_max_pos_int=\count370
\l__regex_curr_pos_int=\count371
\l__regex_start_pos_int=\count372
\l__regex_success_pos_int=\count373
\l__regex_curr_char_int=\count374
\l__regex_curr_catcode_int=\count375
\l__regex_last_char_int=\count376
\l__regex_case_changed_char_int=\count377
\l__regex_curr_state_int=\count378
\l__regex_step_int=\count379
\l__regex_min_active_int=\count380
\l__regex_max_active_int=\count381
\l__regex_replacement_csnames_int=\count382
\l__regex_match_count_int=\count383
\l__regex_min_submatch_int=\count384
\l__regex_submatch_int=\count385
\l__regex_zeroth_submatch_int=\count386
\g__regex_trace_regex_int=\count387
\c_empty_box=\box32
\l_tmpa_box=\box33
\l_tmpb_box=\box34
\g_tmpa_box=\box35
\g_tmpb_box=\box36
\l__box_top_dim=\dimen132
\l__box_bottom_dim=\dimen133
\l__box_left_dim=\dimen134
\l__box_right_dim=\dimen135
\l__box_top_new_dim=\dimen136
\l__box_bottom_new_dim=\dimen137
\l__box_left_new_dim=\dimen138
\l__box_right_new_dim=\dimen139
\l__box_internal_box=\box37
\l__coffin_internal_box=\box38
\l__coffin_internal_dim=\dimen140
\l__coffin_offset_x_dim=\dimen141
\l__coffin_offset_y_dim=\dimen142
\l__coffin_x_dim=\dimen143
\l__coffin_y_dim=\dimen144
\l__coffin_x_prime_dim=\dimen145
\l__coffin_y_prime_dim=\dimen146
\c_empty_coffin=\box39
\l__coffin_aligned_coffin=\box40
\l__coffin_aligned_internal_coffin=\box41
\l_tmpa_coffin=\box42
\l_tmpb_coffin=\box43
\g_tmpa_coffin=\box44
\g_tmpb_coffin=\box45
\l__coffin_bounding_shift_dim=\dimen147
\l__coffin_left_corner_dim=\dimen148
\l__coffin_right_corner_dim=\dimen149
\l__coffin_bottom_corner_dim=\dimen150
\l__coffin_top_corner_dim=\dimen151
\l__coffin_scaled_total_height_dim=\dimen152
\l__coffin_scaled_width_dim=\dimen153
\c__coffin_empty_coffin=\box46
\l__coffin_display_coffin=\box47
\l__coffin_display_coord_coffin=\box48
\l__coffin_display_pole_coffin=\box49
\l__coffin_display_offset_dim=\dimen154
\l__coffin_display_x_dim=\dimen155
\l__coffin_display_y_dim=\dimen156
\g__file_internal_ior=\read2
\l__seq_internal_a_int=\count388
\l__seq_internal_b_int=\count389
\c__deprecation_minus_one=\count390
)
(c:/texlive/2019/texmf-dist/tex/latex/l3kernel/l3pdfmode.def
File: l3pdfmode.def 2019-04-06 v L3 Experimental driver: PDF mode
\l__driver_color_stack_int=\count391
))
(c:/texlive/2019/texmf-dist/tex/latex/l3packages/xparse/xparse.sty
Package: xparse 2019-03-05 L3 Experimental document command parser
\l__xparse_current_arg_int=\count392
\g__xparse_grabber_int=\count393
\l__xparse_m_args_int=\count394
\l__xparse_v_nesting_int=\count395
)
Package: siunitx 2018/05/17 v2.7s A comprehensive (SI) units package

(c:/texlive/2019/texmf-dist/tex/latex/tools/array.sty
Package: array 2018/12/30 v2.4k Tabular extension package (FMi)
\col@sep=\dimen157
\ar@mcellbox=\box50
\extrarowheight=\dimen158
\NC@list=\toks24
\extratabsurround=\skip120
\backup@length=\skip121
\ar@cellbox=\box51
)
(c:/texlive/2019/texmf-dist/tex/latex/l3packages/l3keys2e/l3keys2e.sty
Package: l3keys2e 2019-03-05 LaTeX2e option processing using LaTeX3 keys
)
\l__siunitx_tmp_box=\box52
\l__siunitx_tmp_dim=\dimen159
\l__siunitx_tmp_int=\count396
\l__siunitx_number_mantissa_length_int=\count397
\l__siunitx_number_uncert_length_int=\count398
\l__siunitx_round_int=\count399
\l__siunitx_process_decimal_int=\count400
\l__siunitx_process_uncertainty_int=\count401
\l__siunitx_process_fixed_int=\count402
\l__siunitx_process_integer_min_int=\count403
\l__siunitx_process_precision_int=\count404
\l__siunitx_group_min_int=\count405
\l__siunitx_angle_marker_box=\box53
\l__siunitx_angle_unit_box=\box54
\l__siunitx_angle_marker_dim=\dimen160
\l__siunitx_angle_unit_dim=\dimen161
\l__siunitx_unit_int=\count406
\l__siunitx_unit_denominator_int=\count407
\l__siunitx_unit_numerator_int=\count408
\l__siunitx_unit_prefix_int=\count409
\l__siunitx_unit_prefix_base_int=\count410
\l__siunitx_unit_prefix_gram_int=\count411
\l__siunitx_number_product_int=\count412
\c__siunitx_one_fill_skip=\skip122
\l__siunitx_table_unit_align_skip=\skip123
\l__siunitx_table_exponent_dim=\dimen162
\l__siunitx_table_integer_dim=\dimen163
\l__siunitx_table_mantissa_dim=\dimen164
\l__siunitx_table_marker_dim=\dimen165
\l__siunitx_table_result_dim=\dimen166
\l__siunitx_table_uncert_dim=\dimen167
\l__siunitx_table_fill_pre_dim=\dimen168
\l__siunitx_table_fill_post_dim=\dimen169
\l__siunitx_table_fill_mid_dim=\dimen170
\l__siunitx_table_pre_box=\box55
\l__siunitx_table_post_box=\box56
\l__siunitx_table_mantissa_box=\box57
\l__siunitx_table_result_box=\box58
\l__siunitx_table_number_align_skip=\skip124
\l__siunitx_table_text_align_skip=\skip125

(c:/texlive/2019/texmf-dist/tex/latex/translator/translator.sty
Package: translator 2018/01/04 v1.12 Easy translation of strings in LaTeX
))
(c:/texlive/2019/texmf-dist/tex/latex/amsfonts/amssymb.sty
Package: amssymb 2013/01/14 v3.01 AMS font symbols

(c:/texlive/2019/texmf-dist/tex/latex/amsfonts/amsfonts.sty
Package: amsfonts 2013/01/14 v3.01 Basic AMSFonts support
\symAMSa=\mathgroup4
\symAMSb=\mathgroup5
LaTeX Font Info:    Overwriting math alphabet `\mathfrak' in version `bold'
(Font)                  U/euf/m/n --> U/euf/b/n on input line 106.
))
(c:/texlive/2019/texmf-dist/tex/latex/fmtcount/fmtcount.sty
Package: fmtcount 2017/12/24 v3.05

(c:/texlive/2019/texmf-dist/tex/latex/xkeyval/xkeyval.sty
Package: xkeyval 2014/12/03 v2.7a package option processing (HA)

(c:/texlive/2019/texmf-dist/tex/generic/xkeyval/xkeyval.tex
(c:/texlive/2019/texmf-dist/tex/generic/xkeyval/xkvutils.tex
\XKV@toks=\toks25
\XKV@tempa@toks=\toks26
)
\XKV@depth=\count413
File: xkeyval.tex 2014/12/03 v2.7a key=value parser (HA)
))
(c:/texlive/2019/texmf-dist/tex/latex/fmtcount/fcprefix.sty
Package: fcprefix 2012/09/28

(c:/texlive/2019/texmf-dist/tex/latex/fmtcount/fcnumparser.sty
Package: fcnumparser 2017/06/15
\fc@digit@counter=\count414
))
\c@padzeroesN=\count415
\fc@tmpcatcode=\count416
\@DT@modctr=\count417
\@ordinalctr=\count418
\@orgargctr=\count419
\@strctr=\count420
\@tmpstrctr=\count421
\@DT@loopN=\count422
\@DT@X=\count423
)
(c:/texlive/2019/texmf-dist/tex/latex/glossaries/base/glossaries.sty
Package: glossaries 2019/01/06 v4.42 (NLCT)

(c:/texlive/2019/texmf-dist/tex/latex/mfirstuc/mfirstuc.sty
Package: mfirstuc 2017/11/14 v2.06 (NLCT)
\@glsmfirst=\toks27
\@glsmrest=\toks28
)
(c:/texlive/2019/texmf-dist/tex/latex/textcase/textcase.sty
Package: textcase 2004/10/07 v0.07 Text only upper/lower case changing (DPC)
)
(c:/texlive/2019/texmf-dist/tex/latex/xfor/xfor.sty
Package: xfor 2009/02/05 v1.05 (NLCT)
)
(c:/texlive/2019/texmf-dist/tex/latex/datatool/datatool-base.sty
Package: datatool-base 2018/12/07 v2.31 (NLCT)

(c:/texlive/2019/texmf-dist/tex/latex/substr/substr.sty
Package: substr 2009/10/20 v1.2 Handle substrings
\c@su@anzahl=\count424
)
(c:/texlive/2019/texmf-dist/tex/latex/datatool/datatool-fp.sty
Package: datatool-fp 2018/12/07 v2.31 (NLCT)

(c:/texlive/2019/texmf-dist/tex/latex/fp/fp.sty
Package: fp 1995/04/02

`Fixed Point Package', Version 0.8, April 2, 1995 (C) Michael Mehlich
(c:/texlive/2019/texmf-dist/tex/latex/fp/defpattern.sty
Package: defpattern 1994/10/12
\actioncount=\count425
)
(c:/texlive/2019/texmf-dist/tex/latex/fp/fp-basic.sty
Package: fp-basic 1996/05/13
\FP@xs=\count426
\FP@xia=\count427
\FP@xib=\count428
\FP@xfa=\count429
\FP@xfb=\count430
\FP@rega=\count431
\FP@regb=\count432
\FP@regs=\count433
\FP@times=\count434
)
(c:/texlive/2019/texmf-dist/tex/latex/fp/fp-addons.sty
Package: fp-addons 1995/03/15
)
(c:/texlive/2019/texmf-dist/tex/latex/fp/fp-snap.sty
Package: fp-snap 1995/04/05
)
(c:/texlive/2019/texmf-dist/tex/latex/fp/fp-exp.sty
Package: fp-exp 1995/04/03
)
(c:/texlive/2019/texmf-dist/tex/latex/fp/fp-trigo.sty
Package: fp-trigo 1995/04/14
)
(c:/texlive/2019/texmf-dist/tex/latex/fp/fp-pas.sty
Package: fp-pas 1994/08/29
)
(c:/texlive/2019/texmf-dist/tex/latex/fp/fp-random.sty
Package: fp-random 1995/02/23
\FPseed=\count435
)
(c:/texlive/2019/texmf-dist/tex/latex/fp/fp-eqn.sty
Package: fp-eqn 1995/04/03
)
(c:/texlive/2019/texmf-dist/tex/latex/fp/fp-upn.sty
Package: fp-upn 1996/10/21
)
(c:/texlive/2019/texmf-dist/tex/latex/fp/fp-eval.sty
Package: fp-eval 1995/04/03
)))
\@dtl@toks=\toks29
\@dtl@tmpcount=\count436
\dtl@tmplength=\skip126
\dtl@sortresult=\count437
\@dtl@numgrpsepcount=\count438
\@dtl@datatype=\count439
\dtl@codeA=\count440
\dtl@codeB=\count441
\@dtl@foreach@level=\count442
)
(c:/texlive/2019/texmf-dist/tex/latex/glossaries/base/glossaries-compatible-307
.sty
Package: glossaries-compatible-307 2019/01/06 v4.42 (NLCT)
) (c:/texlive/2019/texmf-dist/tex/latex/tracklang/tracklang.sty
Package: tracklang 2018/05/13 v1.3.6 (NLCT) Track Languages

(c:/texlive/2019/texmf-dist/tex/generic/tracklang/tracklang.tex))
(c:/texlive/2019/texmf-dist/tex/latex/glossaries-english/glossaries-english.ldf
File: glossaries-english.ldf 2014/11/23 v1.0
)
\gls@level=\count443
\@gls@tmpb=\toks30
\gls@tmplen=\skip127
\glskeylisttok=\toks31
\glslabeltok=\toks32
\glsshorttok=\toks33
\glslongtok=\toks34
 (c:/texlive/2019/texmf-dist/tex/latex/glossaries/styles/glossary-hypernav.sty
Package: glossary-hypernav 2019/01/06 v4.42 (NLCT)
) (c:/texlive/2019/texmf-dist/tex/latex/glossaries/styles/glossary-list.sty
Package: glossary-list 2019/01/06 v4.42 (NLCT)
\glslistdottedwidth=\skip128
)
(c:/texlive/2019/texmf-dist/tex/latex/glossaries/styles/glossary-long.sty
Package: glossary-long 2019/01/06 v4.42 (NLCT)

(c:/texlive/2019/texmf-dist/tex/latex/tools/longtable.sty
Package: longtable 2014/10/28 v4.11 Multi-page Table package (DPC)+ FMi change
\LTleft=\skip129
\LTright=\skip130
\LTpre=\skip131
\LTpost=\skip132
\LTchunksize=\count444
\LTcapwidth=\dimen171
\LT@head=\box59
\LT@firsthead=\box60
\LT@foot=\box61
\LT@lastfoot=\box62
\LT@cols=\count445
\LT@rows=\count446
\c@LT@tables=\count447
\c@LT@chunks=\count448
\LT@p@ftn=\toks35
)
\glsdescwidth=\skip133
\glspagelistwidth=\skip134
)
(c:/texlive/2019/texmf-dist/tex/latex/glossaries/styles/glossary-super.sty
Package: glossary-super 2019/01/06 v4.42 (NLCT)

(c:/texlive/2019/texmf-dist/tex/latex/supertabular/supertabular.sty
Package: supertabular 2004/02/20 v4.1e the supertabular environment
\c@tracingst=\count449
\ST@wd=\dimen172
\ST@rightskip=\skip135
\ST@leftskip=\skip136
\ST@parfillskip=\skip137
\ST@pageleft=\dimen173
\ST@headht=\dimen174
\ST@tailht=\dimen175
\ST@pagesofar=\dimen176
\ST@pboxht=\dimen177
\ST@lineht=\dimen178
\ST@stretchht=\dimen179
\ST@prevht=\dimen180
\ST@toadd=\dimen181
\ST@dimen=\dimen182
\ST@pbox=\box63
))
(c:/texlive/2019/texmf-dist/tex/latex/glossaries/styles/glossary-tree.sty
Package: glossary-tree 2019/01/06 v4.42 (NLCT)
\glstreeindent=\skip138
))
(c:/texlive/2019/texmf-dist/tex/latex/float/float.sty
Package: float 2001/11/08 v1.3d Float enhancements (AL)
\c@float@type=\count450
\float@exts=\toks36
\float@box=\box64
\@float@everytoks=\toks37
\@floatcapt=\box65
)
Package biblatex Info: Trying to load language 'english'...
Package biblatex Info: ... file 'english.lbx' found.

(c:/texlive/2019/texmf-dist/tex/latex/biblatex/lbx/english.lbx
File: english.lbx 2018/11/02 v3.12 biblatex localization (PK/MW)
)
\@quotelevel=\count451
\@quotereset=\count452
 (./_thesis.aux
(./chapter1/ch1.aux) (./chapter2/ch2.aux) (./chapter3/ch3.aux)
(./chapter4/ch4.aux) (./chapter5/ch5.aux) (./chapter6/ch6.aux)
(./_conclusion.aux) (./_appendix.aux))
\openout1 = `_thesis.aux'.

LaTeX Font Info:    Checking defaults for OML/cmm/m/it on input line 83.
LaTeX Font Info:    ... okay on input line 83.
LaTeX Font Info:    Checking defaults for T1/cmr/m/n on input line 83.
LaTeX Font Info:    ... okay on input line 83.
LaTeX Font Info:    Checking defaults for OT1/cmr/m/n on input line 83.
LaTeX Font Info:    ... okay on input line 83.
LaTeX Font Info:    Checking defaults for OMS/cmsy/m/n on input line 83.
LaTeX Font Info:    ... okay on input line 83.
LaTeX Font Info:    Checking defaults for OMX/cmex/m/n on input line 83.
LaTeX Font Info:    ... okay on input line 83.
LaTeX Font Info:    Checking defaults for U/cmr/m/n on input line 83.
LaTeX Font Info:    ... okay on input line 83.
LaTeX Font Info:    Checking defaults for PD1/pdf/m/n on input line 83.
LaTeX Font Info:    ... okay on input line 83.

(c:/texlive/2019/texmf-dist/tex/context/base/mkii/supp-pdf.mkii
[Loading MPS to PDF converter (version 2006.09.02).]
\scratchcounter=\count453
\scratchdimen=\dimen183
\scratchbox=\box66
\nofMPsegments=\count454
\nofMParguments=\count455
\everyMPshowfont=\toks38
\MPscratchCnt=\count456
\MPscratchDim=\dimen184
\MPnumerator=\count457
\makeMPintoPDFobject=\count458
\everyMPtoPDFconversion=\toks39
) (c:/texlive/2019/texmf-dist/tex/latex/oberdiek/epstopdf-base.sty
Package: epstopdf-base 2016/05/15 v2.6 Base part for package epstopdf

(c:/texlive/2019/texmf-dist/tex/latex/oberdiek/grfext.sty
Package: grfext 2016/05/16 v1.2 Manage graphics extensions (HO)
)
Package epstopdf-base Info: Redefining graphics rule for `.eps' on input line 4
38.
Package grfext Info: Graphics extension search list:
(grfext)             [.pdf,.png,.jpg,.mps,.jpeg,.jbig2,.jb2,.PDF,.PNG,.JPG,.JPE
G,.JBIG2,.JB2,.eps]
(grfext)             \AppendGraphicsExtensions on input line 456.

(c:/texlive/2019/texmf-dist/tex/latex/latexconfig/epstopdf-sys.cfg
File: epstopdf-sys.cfg 2010/07/13 v1.3 Configuration of (r)epstopdf for TeX Liv
e
))
Package caption Info: Begin \AtBeginDocument code.
Package caption Info: float package is loaded.
Package caption Info: hyperref package is loaded.
Package caption Info: longtable package is loaded.

(c:/texlive/2019/texmf-dist/tex/latex/caption/ltcaption.sty
Package: ltcaption 2018/08/26 v1.4-95 longtable captions (AR)
)
Package caption Info: supertabular package is loaded.
Package caption Info: End \AtBeginDocument code.
\AtBeginShipoutBox=\box67

(c:/texlive/2019/texmf-dist/tex/latex/graphics/color.sty
Package: color 2016/07/10 v1.1e Standard LaTeX Color (DPC)

(c:/texlive/2019/texmf-dist/tex/latex/graphics-cfg/color.cfg
File: color.cfg 2016/01/02 v1.6 sample color configuration
)
Package color Info: Driver file: pdftex.def on input line 147.
)
Package hyperref Info: Link coloring ON on input line 83.

(c:/texlive/2019/texmf-dist/tex/latex/hyperref/nameref.sty
Package: nameref 2016/05/21 v2.44 Cross-referencing by name of section

(c:/texlive/2019/texmf-dist/tex/generic/oberdiek/gettitlestring.sty
Package: gettitlestring 2016/05/16 v1.5 Cleanup title references (HO)
)
\c@section@level=\count459
)
LaTeX Info: Redefining \ref on input line 83.
LaTeX Info: Redefining \pageref on input line 83.
LaTeX Info: Redefining \nameref on input line 83.

(./_thesis.out) (./_thesis.out)
\@outlinefile=\write5
\openout5 = `_thesis.out'.

Package biblatex Info: Input encoding 'utf8' detected.
Package biblatex Info: Automatic encoding selection.
(biblatex)             Assuming data encoding 'utf8'.
\openout4 = `_thesis.bcf'.

Package biblatex Info: Trying to load bibliographic data...
Package biblatex Info: ... file '_thesis.bbl' found.
 (./_thesis.bbl)
Package biblatex Info: Reference section=0 on input line 83.
Package biblatex Info: Reference segment=0 on input line 83.
Now handling font encoding TS1 ...
... processing UTF-8 mapping file for font encoding TS1

(c:/texlive/2019/texmf-dist/tex/latex/base/ts1enc.dfu
File: ts1enc.dfu 2018/10/05 v1.2f UTF-8 support for inputenc
   defining Unicode char U+00A2 (decimal 162)
   defining Unicode char U+00A3 (decimal 163)
   defining Unicode char U+00A4 (decimal 164)
   defining Unicode char U+00A5 (decimal 165)
   defining Unicode char U+00A6 (decimal 166)
   defining Unicode char U+00A7 (decimal 167)
   defining Unicode char U+00A8 (decimal 168)
   defining Unicode char U+00A9 (decimal 169)
   defining Unicode char U+00AA (decimal 170)
   defining Unicode char U+00AC (decimal 172)
   defining Unicode char U+00AE (decimal 174)
   defining Unicode char U+00AF (decimal 175)
   defining Unicode char U+00B0 (decimal 176)
   defining Unicode char U+00B1 (decimal 177)
   defining Unicode char U+00B2 (decimal 178)
   defining Unicode char U+00B3 (decimal 179)
   defining Unicode char U+00B4 (decimal 180)
   defining Unicode char U+00B5 (decimal 181)
   defining Unicode char U+00B6 (decimal 182)
   defining Unicode char U+00B7 (decimal 183)
   defining Unicode char U+00B9 (decimal 185)
   defining Unicode char U+00BA (decimal 186)
   defining Unicode char U+00BC (decimal 188)
   defining Unicode char U+00BD (decimal 189)
   defining Unicode char U+00BE (decimal 190)
   defining Unicode char U+00D7 (decimal 215)
   defining Unicode char U+00F7 (decimal 247)
   defining Unicode char U+0192 (decimal 402)
   defining Unicode char U+02C7 (decimal 711)
   defining Unicode char U+02D8 (decimal 728)
   defining Unicode char U+02DD (decimal 733)
   defining Unicode char U+0E3F (decimal 3647)
   defining Unicode char U+2016 (decimal 8214)
   defining Unicode char U+2020 (decimal 8224)
   defining Unicode char U+2021 (decimal 8225)
   defining Unicode char U+2022 (decimal 8226)
   defining Unicode char U+2030 (decimal 8240)
   defining Unicode char U+2031 (decimal 8241)
   defining Unicode char U+203B (decimal 8251)
   defining Unicode char U+203D (decimal 8253)
   defining Unicode char U+2044 (decimal 8260)
   defining Unicode char U+204E (decimal 8270)
   defining Unicode char U+2052 (decimal 8274)
   defining Unicode char U+20A1 (decimal 8353)
   defining Unicode char U+20A4 (decimal 8356)
   defining Unicode char U+20A6 (decimal 8358)
   defining Unicode char U+20A9 (decimal 8361)
   defining Unicode char U+20AB (decimal 8363)
   defining Unicode char U+20AC (decimal 8364)
   defining Unicode char U+20B1 (decimal 8369)
   defining Unicode char U+2103 (decimal 8451)
   defining Unicode char U+2116 (decimal 8470)
   defining Unicode char U+2117 (decimal 8471)
   defining Unicode char U+211E (decimal 8478)
   defining Unicode char U+2120 (decimal 8480)
   defining Unicode char U+2122 (decimal 8482)
   defining Unicode char U+2126 (decimal 8486)
   defining Unicode char U+2127 (decimal 8487)
   defining Unicode char U+212E (decimal 8494)
   defining Unicode char U+2190 (decimal 8592)
   defining Unicode char U+2191 (decimal 8593)
   defining Unicode char U+2192 (decimal 8594)
   defining Unicode char U+2193 (decimal 8595)
   defining Unicode char U+2329 (decimal 9001)
   defining Unicode char U+232A (decimal 9002)
   defining Unicode char U+2422 (decimal 9250)
   defining Unicode char U+25E6 (decimal 9702)
   defining Unicode char U+25EF (decimal 9711)
   defining Unicode char U+266A (decimal 9834)
   defining Unicode char U+FEFF (decimal 65279)
)
(c:/texlive/2019/texmf-dist/tex/latex/translator/translator-basic-dictionary-En
glish.dict
Dictionary: translator-basic-dictionary, Language: English 
)
(c:/texlive/2019/texmf-dist/tex/latex/siunitx/siunitx-abbreviations.cfg
File: siunitx-abbreviations.cfg 2017/11/26 v2.7k siunitx: Abbreviated units
)
(c:/texlive/2019/texmf-dist/tex/latex/fmtcount/fc-english.def
File: fc-english.def 2016/01/12
)
LaTeX Font Info:    Try loading font information for U+msa on input line 83.

(c:/texlive/2019/texmf-dist/tex/latex/amsfonts/umsa.fd
File: umsa.fd 2013/01/14 v3.01 AMS symbols A
)
LaTeX Font Info:    Try loading font information for U+msb on input line 83.

(c:/texlive/2019/texmf-dist/tex/latex/amsfonts/umsb.fd
File: umsb.fd 2013/01/14 v3.01 AMS symbols B
)
Package hyperref Info: Option `breaklinks' set `true' on input line 85.

Overfull \hbox (53.4798pt too wide) in paragraph at lines 92--92
 [] 
 []


Overfull \hbox (8.29666pt too wide) in paragraph at lines 92--92
 [][] 
 []

<BirminghamUniversityCrest.png, id=168, 1927.2pt x 2303.60625pt>
File: BirminghamUniversityCrest.png Graphic file (type png)
<use BirminghamUniversityCrest.png>
Package pdftex.def Info: BirminghamUniversityCrest.png  used on input line 92.
(pdftex.def)             Requested size: 95.18938pt x 113.81102pt.
[1







{c:/texlive/2019/texmf-var/fonts/map/pdftex/updmap/pdftex.map} <./BirminghamUni
versityCrest.png>]
LaTeX Font Info:    Try loading font information for OMS+cmr on input line 92.
 (c:/texlive/2019/texmf-dist/tex/latex/base/omscmr.fd
File: omscmr.fd 2014/09/29 v2.5h Standard LaTeX font definitions
)
LaTeX Font Info:    Font shape `OMS/cmr/m/n' in size <12> not available
(Font)              Font shape `OMS/cmsy/m/n' tried instead on input line 92.
pdfTeX warning (ext4): destination with the same identifier (name{page.i}) has 
been already used, duplicate ignored
<to be read again> 
                   \relax 
l.92  \makepreliminarypages
                            [1

] [2

] [3] [4] (./_thesis.toc
Underfull \vbox (badness 10000) has occurred while \output is active []

 [5])
\tf@toc=\write6
\openout6 = `_thesis.toc'.


[6] (./_thesis.lof)
\tf@lof=\write7
\openout7 = `_thesis.lof'.

 [7



] [8


] (./_thesis.lot)
\tf@lot=\write8
\openout8 = `_thesis.lot'.

 [9

] [10


]
\openout2 = `chapter1/ch1.aux'.

 (./chapter1/ch1.tex
Chapter 1.

Underfull \vbox (badness 10000) has occurred while \output is active []

 [1



]
<image/curiosity_rover.jpg, id=282, 803.0pt x 1107.13625pt>
File: image/curiosity_rover.jpg Graphic file (type jpg)
<use image/curiosity_rover.jpg>
Package pdftex.def Info: image/curiosity_rover.jpg  used on input line 19.
(pdftex.def)             Requested size: 166.50922pt x 229.566pt.


Package caption Warning: The option `hypcap=true' will be ignored for this
(caption)                particular \caption on input line 20.
See the caption package documentation for explanation.

<image/RAD750.png, id=283, 825.0825pt x 799.98875pt>
File: image/RAD750.png Graphic file (type png)
<use image/RAD750.png>
Package pdftex.def Info: image/RAD750.png  used on input line 24.
(pdftex.def)             Requested size: 228.95058pt x 221.98119pt.

Package caption Warning: The option `hypcap=true' will be ignored for this
(caption)                particular \caption on input line 26.
See the caption package documentation for explanation.


Overfull \hbox (20.81483pt too wide) in paragraph at lines 24--26
 []
 []


Underfull \vbox (badness 10000) has occurred while \output is active []

 [2]
Underfull \vbox (badness 10000) has occurred while \output is active []

 [3 <./image/curiosity_rover.jpg> <./image/RAD750.png (PNG copy)>]
LaTeX Font Info:    Try loading font information for TS1+cmr on input line 40.

(c:/texlive/2019/texmf-dist/tex/latex/base/ts1cmr.fd
File: ts1cmr.fd 2014/09/29 v2.5h Standard LaTeX font definitions
)
Underfull \vbox (badness 10000) has occurred while \output is active []

 [4]
[5]) [6]
\openout2 = `chapter2/ch2.aux'.

 (./chapter2/ch2.tex
Chapter 2.
[7



]

LaTeX Warning: Reference `fig: micro_hypervisor' on page 8 undefined on input l
ine 13.

<image/micro_hypervisor.png, id=349, 450.9347pt x 399.74344pt>
File: image/micro_hypervisor.png Graphic file (type png)
<use image/micro_hypervisor.png>
Package pdftex.def Info: image/micro_hypervisor.png  used on input line 19.
(pdftex.def)             Requested size: 216.81pt x 192.19794pt.
) [8 <./image/micro_hypervisor.png>]
\openout2 = `chapter3/ch3.aux'.

 (./chapter3/ch3.tex
Chapter 3.
) [9



]
\openout2 = `chapter4/ch4.aux'.

 (./chapter4/ch4.tex [10



]
Chapter 4.
) [11]
\openout2 = `chapter5/ch5.aux'.

 (./chapter5/ch5.tex [12



]
Chapter 5.
) [13]
\openout2 = `chapter6/ch6.aux'.

 (./chapter6/ch6.tex [14



]
Chapter 6.
) [15]
\openout2 = `_conclusion.aux'.

 (./_conclusion.tex [16



]
Chapter 7.
) [17]
\openout2 = `_appendix.aux'.

 (./_appendix.tex [18


]
Appendix A.
[19


] [20

]
Appendix B.
) [21] [22


]

Package glossaries Warning: No \printnoidxglossary or \printnoidxglossaries
 found. (Remove \makenoidxglossaries if you don't want any glossaries.)
This document will not have a glossary.

Package atveryend Info: Empty hook `BeforeClearDocument' on input line 136.
[23]
Package atveryend Info: Empty hook `AfterLastShipout' on input line 136.
 (./_thesis.aux (./chapter1/ch1.aux) (./chapter2/ch2.aux)
(./chapter3/ch3.aux) (./chapter4/ch4.aux) (./chapter5/ch5.aux)
(./chapter6/ch6.aux) (./_conclusion.aux) (./_appendix.aux))
Package atveryend Info: Executing hook `AtVeryEndDocument' on input line 136.
Package atveryend Info: Executing hook `AtEndAfterFileList' on input line 136.
Package rerunfilecheck Info: File `_thesis.out' has not changed.
(rerunfilecheck)             Checksum: 90E8307D571531118F99F6FF44CBE281;2601.


LaTeX Warning: There were undefined references.

Package atveryend Info: Empty hook `AtVeryVeryEnd' on input line 136.
Package logreq Info: Writing requests to '_thesis.run.xml'.
\openout1 = `_thesis.run.xml'.

 ) 
Here is how much of TeX's memory you used:
 33843 strings out of 492623
 628993 string characters out of 6133291
 1081335 words of memory out of 5000000
 37229 multiletter control sequences out of 15000+600000
 550592 words of font info for 66 fonts, out of 8000000 for 9000
 1141 hyphenation exceptions out of 8191
 46i,12n,79p,2035b,1406s stack positions out of 5000i,500n,10000p,200000b,80000s
pdfTeX warning (dest): name{glo:vmm} has been referenced but does not exist, 
replaced by a fixed one

pdfTeX warning (dest): name{glo:crc} has been referenced but does not exist, re
placed by a fixed one

pdfTeX warning (dest): name{glo:mca} has been referenced but does not exist, re
placed by a fixed one

pdfTeX warning (dest): name{glo:ecc} has been referenced but does not exist, re
placed by a fixed one

pdfTeX warning (dest): name{glo:ot} has been referenced but does not exist, rep
laced by a fixed one

pdfTeX warning (dest): name{glo:pe} has been referenced but does not exist, rep
laced by a fixed one

pdfTeX warning (dest): name{glo:dwc} has been referenced but does not exist, re
placed by a fixed one

pdfTeX warning (dest): name{glo:cots} has been referenced but does not exist, r
eplaced by a fixed one

pdfTeX warning (dest): name{glo:os} has been referenced but does not exist, rep
laced by a fixed one

{c:/texlive/2019/texmf-dist/fonts/enc/dvips/cm-super/cm-super-t1.enc}{c:/texliv
e/2019/texmf-dist/fonts/enc/dvips/cm-super/cm-super-ts1.enc}<c:/texlive/2019/te
xmf-dist/fonts/type1/public/amsfonts/cm/cmr12.pfb><c:/texlive/2019/texmf-dist/f
onts/type1/public/amsfonts/cm/cmsy10.pfb><c:/texlive/2019/texmf-dist/fonts/type
1/public/cm-super/sfbx1200.pfb><c:/texlive/2019/texmf-dist/fonts/type1/public/c
m-super/sfbx1440.pfb><c:/texlive/2019/texmf-dist/fonts/type1/public/cm-super/sf
bx1728.pfb><c:/texlive/2019/texmf-dist/fonts/type1/public/cm-super/sfbx2488.pfb
><c:/texlive/2019/texmf-dist/fonts/type1/public/cm-super/sfcc1200.pfb><c:/texli
ve/2019/texmf-dist/fonts/type1/public/cm-super/sfcc1728.pfb><c:/texlive/2019/te
xmf-dist/fonts/type1/public/cm-super/sfcc2488.pfb><c:/texlive/2019/texmf-dist/f
onts/type1/public/cm-super/sfrm1200.pfb><c:/texlive/2019/texmf-dist/fonts/type1
/public/cm-super/sfti1200.pfb>
Output written on _thesis.pdf (34 pages, 2415389 bytes).
PDF statistics:
 493 PDF objects out of 1000 (max. 8388607)
 436 compressed objects within 5 object streams
 102 named destinations out of 1000 (max. 500000)
 349 words of extra memory for PDF output out of 10000 (max. 10000000)

