\BOOKMARK [0][-]{bm:Title.0}{Title Page}{}% 1
\BOOKMARK [0][-]{bm:Copyright.0}{Copyright}{}% 2
\BOOKMARK [0][-]{bm:Abstract.0}{Abstract}{}% 3
\BOOKMARK [0][-]{bm:Dedicate.0}{Dedication Page}{}% 4
\BOOKMARK [0][-]{bm:Acknowledge.0}{Acknowledgments}{}% 5
\BOOKMARK [0][-]{chapter.1}{1 Introduction}{}% 6
\BOOKMARK [1][-]{section.1.1}{1.1 Context}{chapter.1}% 7
\BOOKMARK [1][-]{section.1.2}{1.2 Problematic}{chapter.1}% 8
\BOOKMARK [1][-]{section.1.3}{1.3 Methodology}{chapter.1}% 9
\BOOKMARK [1][-]{section.1.4}{1.4 Contributions}{chapter.1}% 10
\BOOKMARK [1][-]{section.1.5}{1.5 Outline}{chapter.1}% 11
\BOOKMARK [0][-]{chapter.2}{2 Background}{}% 12
\BOOKMARK [1][-]{section.2.1}{2.1 The blended hardening technique}{chapter.2}% 13
\BOOKMARK [2][-]{subsection.2.1.1}{2.1.1 The double execution phase}{section.2.1}% 14
\BOOKMARK [1][-]{section.2.2}{2.2 Verification phase}{chapter.2}% 15
\BOOKMARK [1][-]{section.2.3}{2.3 Architecture of generic hypervisor}{chapter.2}% 16
\BOOKMARK [0][-]{chapter.3}{3 Genode OS framework}{}% 17
\BOOKMARK [1][-]{section.3.1}{3.1 The Nova kernel}{chapter.3}% 18
\BOOKMARK [1][-]{section.3.2}{3.2 Component based approach}{chapter.3}% 19
\BOOKMARK [1][-]{section.3.3}{3.3 User-land Root process}{chapter.3}% 20
\BOOKMARK [1][-]{section.3.4}{3.4 Drivers}{chapter.3}% 21
\BOOKMARK [1][-]{section.3.5}{3.5 Virtual Machine Monitor}{chapter.3}% 22
\BOOKMARK [1][-]{section.3.6}{3.6 Guest OS execution in virtual machine}{chapter.3}% 23
\BOOKMARK [0][-]{chapter.4}{4 Implementation}{}% 24
\BOOKMARK [1][-]{section.4.1}{4.1 Protection through hardware features}{chapter.4}% 25
\BOOKMARK [2][-]{subsection.4.1.1}{4.1.1 X86 exceptions management features }{section.4.1}% 26
\BOOKMARK [2][-]{subsection.4.1.2}{4.1.2 The machine check architecture}{section.4.1}% 27
\BOOKMARK [1][-]{section.4.2}{4.2 Double execution with comparison}{chapter.4}% 28
\BOOKMARK [2][-]{subsection.4.2.1}{4.2.1 Drivers process}{section.4.2}% 29
\BOOKMARK [2][-]{subsection.4.2.2}{4.2.2 Core process}{section.4.2}% 30
\BOOKMARK [0][-]{chapter.5}{5 Results}{}% 31
\BOOKMARK [1][-]{section.5.1}{5.1 Test}{chapter.5}% 32
\BOOKMARK [1][-]{section.5.2}{5.2 Performance}{chapter.5}% 33
\BOOKMARK [0][-]{chapter.6}{6 Evaluation}{}% 34
\BOOKMARK [0][-]{chapter.7}{7 Conclusion}{}% 35
\BOOKMARK [1][-]{section.7.1}{7.1 Summary}{chapter.7}% 36
\BOOKMARK [1][-]{section.7.2}{7.2 Perspectives}{chapter.7}% 37
\BOOKMARK [0][-]{bm:APPENDIX.0}{Appendix}{}% 38
\BOOKMARK [0][-]{appendix.A}{A First Appendix}{}% 39
\BOOKMARK [0][-]{appendix.B}{B Second Appendix}{}% 40
\BOOKMARK [-1][-]{appendix*.9}{References}{}% 41
